Github-User-App-main/app/build/intermediates/manifest_merge_blame_file/debug/manifest-merger-blame-debug-report.txt
1<?xml version="1.0" encoding="utf-8"?>
2<manifest xmlns:android="http://schemas.android.com/apk/res/android"
3    package="com.azhar.githubusers"
4    android:versionCode="1"
5    android:versionName="1.0" >
6
7    <uses-sdk
8        android:minSdkVersion="21"
8-->src\main\AndroidManifest.xml
9        android:targetSdkVersion="30" />
9-->src\main\AndroidManifest.xml
10
11    <uses-permission android:name="android.permission.INTERNET" />
11-->src\main\AndroidManifest.xml:6:5-67
11-->src\main\AndroidManifest.xml:6:22-64
12
13    <application
13-->src\main\AndroidManifest.xml:8:5-32:19
14        android:allowBackup="true"
14-->src\main\AndroidManifest.xml:9:9-35
15        android:appComponentFactory="androidx.core.app.CoreComponentFactory"
15-->[androidx.core:core:1.5.0] AndroidManifest.xml:24:18-86
16        android:debuggable="true"
17        android:icon="@mipmap/ic_launcher"
17-->src\main\AndroidManifest.xml:10:9-43
18        android:label="@string/app_name"
18-->src\main\AndroidManifest.xml:11:9-41
19        android:roundIcon="@mipmap/ic_launcher_round"
19-->src\main\AndroidManifest.xml:12:9-54
20        android:supportsRtl="true"
20-->src\main\AndroidManifest.xml:13:9-35
21        android:testOnly="true"
22        android:theme="@style/AppTheme"
22-->src\main\AndroidManifest.xml:14:9-40
23        android:usesCleartextTraffic="true" >
23-->src\main\AndroidManifest.xml:15:9-44
24        <activity android:name="com.azhar.githubusers.ui.activities.FavoriteActivity" />
24-->src\main\AndroidManifest.xml:17:9-68
24-->src\main\AndroidManifest.xml:17:19-65
25        <activity
25-->src\main\AndroidManifest.xml:18:9-20:66
26            android:name="com.azhar.githubusers.ui.activities.DetailActivity"
26-->src\main\AndroidManifest.xml:19:13-57
27            android:configChanges="orientation|keyboardHidden" />
27-->src\main\AndroidManifest.xml:20:13-63
28        <activity
28-->src\main\AndroidManifest.xml:21:9-31:20
29            android:name="com.azhar.githubusers.ui.activities.MainActivity"
29-->src\main\AndroidManifest.xml:22:13-55
30            android:configChanges="keyboardHidden|orientation|screenSize"
30-->src\main\AndroidManifest.xml:23:13-74
31            android:screenOrientation="portrait"
31-->src\main\AndroidManifest.xml:24:13-49
32            android:windowSoftInputMode="adjustPan" >
32-->src\main\AndroidManifest.xml:25:13-52
33            <intent-filter>
33-->src\main\AndroidManifest.xml:26:13-30:29
34                <action android:name="android.intent.action.MAIN" />
34-->src\main\AndroidManifest.xml:27:17-69
34-->src\main\AndroidManifest.xml:27:25-66
35
36                <category android:name="android.intent.category.LAUNCHER" />
36-->src\main\AndroidManifest.xml:29:17-77
36-->src\main\AndroidManifest.xml:29:27-74
37            </intent-filter>
38        </activity>
39    </application>
40
41</manifest>